<?xml version="1.0" encoding="UTF-8"?>
<!-- Generated by org.testng.reporters.JUnitXMLReporter -->
<testsuite ignored="0" hostname="DESKTOP-8PEEJOG" failures="0" tests="4" name="myTest" time="105.808" errors="0" timestamp="2025-03-18T08:07:42 IST">
  <testcase classname="TestNGDay1.OrangeHRMTest" name="OpenApp" time="66.711"/>
  <testcase classname="TestNGDay1.OrangeHRMTest" name="TestLogoPresence" time="7.375"/>
  <testcase classname="TestNGDay1.OrangeHRMTest" name="LoginApp" time="14.402"/>
  <testcase classname="TestNGDay1.OrangeHRMTest" name="CloseApp" time="17.217"/>
</testsuite> <!-- myTest -->
