<?xml version="1.0" encoding="UTF-8"?>
<!-- Generated by org.testng.reporters.JUnitXMLReporter -->
<testsuite ignored="0" hostname="DESKTOP-8PEEJOG" failures="0" tests="2" name="edgeTest" time="0.179" errors="0" timestamp="2025-04-11T09:11:37 IST">
  <testcase classname="testCases.TC001_AccountRegistrationTest" name="VerifyAccountRegistration" time="0.0">
    <skipped/>
  </testcase> <!-- VerifyAccountRegistration -->
  <testcase classname="testCases.TC002_LoginTest" name="VerifLogin" time="0.0">
    <skipped/>
  </testcase> <!-- VerifLogin -->
</testsuite> <!-- edgeTest -->
