<?xml version="1.0" encoding="UTF-8"?>
<!-- Generated by org.testng.reporters.JUnitXMLReporter -->
<testsuite ignored="0" hostname="DESKTOP-8PEEJOG" failures="1" tests="3" name="Test" time="0.197" errors="0" timestamp="2025-04-01T10:50:56 IST">
  <testcase classname="Day46.OrangeHRM" name="Openapp" time="0.036"/>
  <testcase classname="Day46.OrangeHRM" name="Login" time="0.009">
    <failure type="java.lang.AssertionError" message="expected [true] but found [false]">
      <![CDATA[java.lang.AssertionError: expected [true] but found [false]
at Day46.OrangeHRM.Login(OrangeHRM.java:11)
at java.base/java.util.ArrayList.forEach(ArrayList.java:1597)
... Removed 29 stack frames]]>
    </failure>
  </testcase> <!-- Login -->
  <testcase classname="Day46.OrangeHRM" name="Search" time="0.0">
    <skipped/>
  </testcase> <!-- Search -->
</testsuite> <!-- Test -->
