<?xml version="1.0" encoding="UTF-8"?>
<testng-results ignored="0" total="1" passed="1" failed="0" skipped="0">
  <reporter-output>
  </reporter-output>
  <suite started-at="2025-04-11T11:06:35 IST" name="Suite" finished-at="2025-04-11T11:07:07 IST" duration-ms="32214">
    <groups>
      <group name="Master">
        <method signature="TC002_LoginTest.VerifLogin()[pri:0, instance:testCases.TC002_LoginTest@6057aebb]" name="VerifLogin" class="testCases.TC002_LoginTest"/>
      </group> <!-- Master -->
      <group name="Sanity">
        <method signature="TC002_LoginTest.VerifLogin()[pri:0, instance:testCases.TC002_LoginTest@6057aebb]" name="VerifLogin" class="testCases.TC002_LoginTest"/>
      </group> <!-- Sanity -->
    </groups>
    <test started-at="2025-04-11T11:06:35 IST" name="chromeTest" finished-at="2025-04-11T11:07:07 IST" duration-ms="32214">
      <class name="testCases.TC002_LoginTest">
        <test-method is-config="true" signature="Setup(java.lang.String,java.lang.String)[pri:0, instance:testCases.TC002_LoginTest@6057aebb]" started-at="2025-04-11T11:06:36 IST" name="Setup" finished-at="2025-04-11T11:06:58 IST" duration-ms="22446" status="PASS">
          <params>
            <param index="0">
              <value>
                <![CDATA[windows]]>
              </value>
            </param>
            <param index="1">
              <value>
                <![CDATA[chrome]]>
              </value>
            </param>
          </params>
          <reporter-output>
          </reporter-output>
        </test-method> <!-- Setup -->
        <test-method signature="VerifLogin()[pri:0, instance:testCases.TC002_LoginTest@6057aebb]" started-at="2025-04-11T11:06:58 IST" name="VerifLogin" finished-at="2025-04-11T11:07:07 IST" duration-ms="8668" status="PASS">
          <reporter-output>
          </reporter-output>
        </test-method> <!-- VerifLogin -->
        <test-method is-config="true" signature="tearDown()[pri:0, instance:testCases.TC002_LoginTest@6057aebb]" started-at="2025-04-11T11:07:07 IST" name="tearDown" finished-at="2025-04-11T11:07:07 IST" duration-ms="239" status="PASS">
          <reporter-output>
          </reporter-output>
        </test-method> <!-- tearDown -->
      </class> <!-- testCases.TC002_LoginTest -->
    </test> <!-- chromeTest -->
  </suite> <!-- Suite -->
</testng-results>
